c:\users\grigo\source\repos\ais3\debug\ais3.pdb
c:\users\grigo\source\repos\ais3\debug\ais3.idb
c:\users\grigo\source\repos\ais3\debug\stack.obj
c:\users\grigo\source\repos\ais3\debug\elem.obj
c:\users\grigo\source\repos\ais3\debug\source.obj
c:\users\grigo\source\repos\ais3\debug\heap.obj
c:\users\grigo\source\repos\ais3\debug\main.obj
c:\users\grigo\source\repos\ais3\debug\deque.obj
c:\users\grigo\desktop\laba3\ais3\debug\ais3.pdb
c:\users\grigo\desktop\laba3\ais3\debug\ais3.idb
c:\users\grigo\desktop\laba3\ais3\debug\main.obj
c:\users\grigo\desktop\laba3\ais3\debug\stack.obj
c:\users\grigo\desktop\laba3\ais3\debug\source.obj
c:\users\grigo\desktop\laba3\ais3\debug\heap.obj
c:\users\grigo\desktop\laba3\ais3\debug\elem.obj
c:\users\grigo\desktop\laba3\ais3\debug\deque.obj
c:\users\grigo\source\repos\ais3\debug\ais3.lib
c:\users\grigo\desktop\laba3\ais3\debug\ais3.lib
c:\users\grigo\desktop\laba3\ais3\debug\ais3.ilk
c:\users\grigo\desktop\laba3\ais3\debug\test3.ilk
c:\users\grigo\desktop\laba3\ais3\debug\test3.exp
c:\users\grigo\desktop\laba3\ais3\debug\vc141.idb
c:\users\grigo\desktop\laba3\ais3\debug\test3.pdb
c:\users\grigo\desktop\laba3\ais3\debug\vc141.pdb
c:\users\grigo\desktop\laba3\ais3\debug\ais3.tlog\ais3.write.1u.tlog
c:\users\grigo\desktop\laba3\ais3\debug\ais3.tlog\cl.command.1.tlog
c:\users\grigo\desktop\laba3\ais3\debug\ais3.tlog\cl.read.1.tlog
c:\users\grigo\desktop\laba3\ais3\debug\ais3.tlog\cl.write.1.tlog
c:\users\grigo\desktop\laba3\ais3\debug\ais3.tlog\lib-link.read.1.tlog
c:\users\grigo\desktop\laba3\ais3\debug\ais3.tlog\lib-link.write.1.tlog
c:\users\grigo\desktop\laba3\ais3\debug\ais3.tlog\lib.command.1.tlog
c:\users\grigo\desktop\laba3\ais3\debug\ais3.tlog\link.command.1.tlog
c:\users\grigo\desktop\laba3\ais3\debug\ais3.tlog\link.delete.1.tlog
c:\users\grigo\desktop\laba3\ais3\debug\ais3.tlog\link.read.1.tlog
c:\users\grigo\desktop\laba3\ais3\debug\ais3.tlog\link.write.1.tlog
